
## ---------------------- ##
## Running config.status. ##
## ---------------------- ##

This file was extended by tor config.status 0.2.6.10, which was
generated by GNU Autoconf 2.69.  Invocation command line was

  CONFIG_FILES    = 
  CONFIG_HEADERS  = 
  CONFIG_LINKS    = 
  CONFIG_COMMANDS = 
  $ ./config.status -q --file=doc/tor.1

on aestern

config.status:1086: creating doc/tor.1

## ---------------------- ##
## Running config.status. ##
## ---------------------- ##

This file was extended by tor config.status 0.2.6.10, which was
generated by GNU Autoconf 2.69.  Invocation command line was

  CONFIG_FILES    = 
  CONFIG_HEADERS  = 
  CONFIG_LINKS    = 
  CONFIG_COMMANDS = 
  $ ./config.status -q --file=doc/tor-gencert.1

on aestern

config.status:1086: creating doc/tor-gencert.1

## ---------------------- ##
## Running config.status. ##
## ---------------------- ##

This file was extended by tor config.status 0.2.6.10, which was
generated by GNU Autoconf 2.69.  Invocation command line was

  CONFIG_FILES    = 
  CONFIG_HEADERS  = 
  CONFIG_LINKS    = 
  CONFIG_COMMANDS = 
  $ ./config.status -q --file=doc/tor-resolve.1

on aestern

config.status:1086: creating doc/tor-resolve.1

## ---------------------- ##
## Running config.status. ##
## ---------------------- ##

This file was extended by tor config.status 0.2.6.10, which was
generated by GNU Autoconf 2.69.  Invocation command line was

  CONFIG_FILES    = 
  CONFIG_HEADERS  = 
  CONFIG_LINKS    = 
  CONFIG_COMMANDS = 
  $ ./config.status -q --file=doc/torify.1

on aestern

config.status:1086: creating doc/torify.1

## ---------------------- ##
## Running config.status. ##
## ---------------------- ##

This file was extended by tor config.status 0.2.6.10, which was
generated by GNU Autoconf 2.69.  Invocation command line was

  CONFIG_FILES    = 
  CONFIG_HEADERS  = 
  CONFIG_LINKS    = 
  CONFIG_COMMANDS = 
  $ ./config.status -q --file=doc/tor.html

on aestern

config.status:1086: creating doc/tor.html

## ---------------------- ##
## Running config.status. ##
## ---------------------- ##

This file was extended by tor config.status 0.2.6.10, which was
generated by GNU Autoconf 2.69.  Invocation command line was

  CONFIG_FILES    = 
  CONFIG_HEADERS  = 
  CONFIG_LINKS    = 
  CONFIG_COMMANDS = 
  $ ./config.status -q --file=doc/tor-gencert.html

on aestern

config.status:1086: creating doc/tor-gencert.html

## ---------------------- ##
## Running config.status. ##
## ---------------------- ##

This file was extended by tor config.status 0.2.6.10, which was
generated by GNU Autoconf 2.69.  Invocation command line was

  CONFIG_FILES    = 
  CONFIG_HEADERS  = 
  CONFIG_LINKS    = 
  CONFIG_COMMANDS = 
  $ ./config.status -q --file=doc/tor-resolve.html

on aestern

config.status:1086: creating doc/tor-resolve.html

## ---------------------- ##
## Running config.status. ##
## ---------------------- ##

This file was extended by tor config.status 0.2.6.10, which was
generated by GNU Autoconf 2.69.  Invocation command line was

  CONFIG_FILES    = 
  CONFIG_HEADERS  = 
  CONFIG_LINKS    = 
  CONFIG_COMMANDS = 
  $ ./config.status -q --file=doc/torify.html

on aestern

config.status:1086: creating doc/torify.html
